<?xml version="1.0" encoding="UTF-8"?>
<!-- Generated by org.testng.reporters.JUnitReportReporter -->
<testsuite hostname="Dell" failures="0" tests="2" name="qaClickAyushi.Mavenjava.AppiumTest" time="0.016" errors="0" timestamp="2021-03-10T22:48:21 IST" skipped="0">
  <testcase classname="qaClickAyushi.Mavenjava.AppiumTest" name="AndroidApp" time="0.007"/>
  <system-out/>
  <testcase classname="qaClickAyushi.Mavenjava.AppiumTest" name="IosApp" time="0.009"/>
  <system-out/>
</testsuite> <!-- qaClickAyushi.Mavenjava.AppiumTest -->
