<?xml version="1.0" encoding="UTF-8"?>
<!-- Generated by org.testng.reporters.JUnitReportReporter -->
<testsuite hostname="Dell" failures="0" tests="2" name="qaClickAyushi.Mavenjava.APITest" time="0.018" errors="0" timestamp="2021-03-10T22:48:21 IST" skipped="0">
  <testcase classname="qaClickAyushi.Mavenjava.APITest" name="post" time="0.013"/>
  <system-out/>
  <testcase classname="qaClickAyushi.Mavenjava.APITest" name="delete" time="0.005"/>
  <system-out/>
</testsuite> <!-- qaClickAyushi.Mavenjava.APITest -->
