<?xml version="1.0" encoding="UTF-8"?>
<!-- Generated by org.testng.reporters.JUnitReportReporter -->
<testsuite hostname="Dell" failures="0" tests="2" name="qaClickAyushi.Mavenjava.SeleniumTest" time="0.045" errors="0" timestamp="2021-03-10T22:48:21 IST" skipped="0">
  <testcase classname="qaClickAyushi.Mavenjava.SeleniumTest" name="BrowserAutomation" time="0.028"/>
  <system-out/>
  <testcase classname="qaClickAyushi.Mavenjava.SeleniumTest" name="voidUielement" time="0.017"/>
  <system-out/>
</testsuite> <!-- qaClickAyushi.Mavenjava.SeleniumTest -->
