<?xml version="1.0" encoding="UTF-8"?>
<!-- Generated by org.testng.reporters.JUnitReportReporter -->
<testsuite hostname="Dell" failures="0" tests="2" name="qaClickAyushi.Mavenjava.SeleniumTest" time="0.014" errors="0" timestamp="2021-03-11T08:54:02 IST" skipped="0">
  <testcase classname="qaClickAyushi.Mavenjava.SeleniumTest" name="BrowserAutomation" time="0.013"/>
  <system-out/>
  <testcase classname="qaClickAyushi.Mavenjava.SeleniumTest" name="voidUielement" time="0.001"/>
  <system-out/>
</testsuite> <!-- qaClickAyushi.Mavenjava.SeleniumTest -->
