<?xml version="1.0" encoding="UTF-8"?>
<!-- Generated by org.testng.reporters.JUnitReportReporter -->
<testsuite hostname="Dell" failures="0" tests="2" name="qaClickAyushi.Mavenjava.AppiumTest" time="0.003" errors="0" timestamp="2021-03-11T08:54:02 IST" skipped="0">
  <testcase classname="qaClickAyushi.Mavenjava.AppiumTest" name="IosApp" time="0.001"/>
  <system-out/>
  <testcase classname="qaClickAyushi.Mavenjava.AppiumTest" name="AndroidApp" time="0.002"/>
  <system-out/>
</testsuite> <!-- qaClickAyushi.Mavenjava.AppiumTest -->
