<?xml version="1.0" encoding="UTF-8"?>
<!-- Generated by org.testng.reporters.JUnitReportReporter -->
<testsuite hostname="Dell" failures="0" tests="2" name="qaClickAyushi.Mavenjava.APITest" time="0.007" errors="0" timestamp="2021-03-11T08:53:39 IST" skipped="0">
  <testcase classname="qaClickAyushi.Mavenjava.APITest" name="post" time="0.000"/>
  <system-out/>
  <testcase classname="qaClickAyushi.Mavenjava.APITest" name="delete" time="0.007"/>
  <system-out/>
</testsuite> <!-- qaClickAyushi.Mavenjava.APITest -->
